<?xml version="1.0" encoding="UTF-8"?>
<testsuite name="test1"
           tests="8"
           failures="0"
           errors="0"
           skipped="0"
           time="1.852">
  <properties />
  
  
            <testcase name="CGJ_odds" time="0.130" classname="com.wesai.tests.SigninTest" />
                <testcase name="follow_order_TEST" time="0.097" classname="com.wesai.tests.SigninTest" />
                <testcase name="LOTTERY_LOGIN_TEST" time="0.323" classname="com.wesai.tests.SigninTest" />
                <testcase name="FOT_Award" time="0.085" classname="com.wesai.tests.SigninTest" />
                <testcase name="GYJ_odds" time="0.163" classname="com.wesai.tests.SigninTest" />
                <testcase name="GYJ_Country" time="0.079" classname="com.wesai.tests.SigninTest" />
                <testcase name="USER_AUTHEN_TEST" time="0.872" classname="com.wesai.tests.SigninTest" />
                <testcase name="BSK_Award" time="0.103" classname="com.wesai.tests.SigninTest" />
      
</testsuite>
