<?xml version="1.0" encoding="UTF-8"?>
<!-- Generated by org.testng.reporters.JUnitXMLReporter -->
<testsuite hostname="localhost" name="test1" tests="5" failures="0" timestamp="19 Apr 2018 09:59:58 GMT" time="2.455" errors="0">
  <testcase name="USER_AUTHEN_TEST" time="0.917" classname="com.wesai.tests.SigninTest"/>
  <testcase name="LOTTERY_LOGIN_TEST" time="0.422" classname="com.wesai.tests.SigninTest"/>
  <testcase name="CGJ_odds" time="0.158" classname="com.wesai.tests.SigninTest"/>
  <testcase name="GYJ_odds" time="0.139" classname="com.wesai.tests.SigninTest"/>
  <testcase name="GYJ_Country" time="0.093" classname="com.wesai.tests.SigninTest"/>
</testsuite> <!-- test1 -->
